
{"level":"error","message":"El usuario ya existe"}
{"level":"error","message":"El usuario ya existe"}
{"level":"error","message":"El usuario ya existe"}
{"level":"error","message":"Ha ocurrido un error al ingresar los datos TypeError: Cannot read properties of undefined (reading 'filename')"}
{"level":"error","message":"Ha ocurrido un error al ingresar los datos TypeError: Cannot read properties of undefined (reading 'filename')"}
{"level":"error","message":"Ha ocurrido un error al ingresar los datos TypeError: Cannot read properties of undefined (reading 'filename')"}
{"level":"error","message":"El usuario ya existe"}
{"level":"error","message":"El usuario ya existe"}
{"level":"error","message":"Ha ocurrido un error al ingresar los datos TypeError: Cannot read properties of undefined (reading 'filename')"}
{"level":"error","message":"Ha ocurrido un error al ingresar los datos TypeError: Cannot read properties of undefined (reading 'filename')"}
{"level":"error","message":"El usuario ya existe"}
{"level":"error","message":"El usuario ya existe"}
{"level":"error","message":"El usuario ya existe"}
{"level":"error","message":"El usuario ya existe"}
{"level":"error","message":"El usuario ya existe"}
{"level":"error","message":"El usuario ya existe"}
{"level":"error","message":"Ha ocurrido un error al ingresar los datos TypeError: Cannot read properties of undefined (reading 'filename')"}
{"level":"error","message":"Ha ocurrido un error al ingresar los datos TypeError: Cannot read properties of undefined (reading 'filename')"}
{"level":"error","message":"Ha ocurrido un error al ingresar los datos TypeError: Cannot read properties of undefined (reading 'filename')"}
{"level":"error","message":"Ha ocurrido un error al ingresar los datos TypeError: Cannot read properties of undefined (reading 'filename')"}
{"level":"error","message":"Ha ocurrido un error al ingresar los datos TypeError: Cannot read properties of undefined (reading 'filename')"}
{"level":"error","message":"Ha ocurrido un error al ingresar los datos TypeError: Cannot read properties of undefined (reading 'filename')"}
{"level":"error","message":"Ha ocurrido un error al ingresar los datos TypeError: Cannot read properties of undefined (reading 'filename')"}
{"level":"error","message":"El usuario ya existe"}
{"level":"error","message":"Han modificado datos de la cookie"}
{"level":"error","message":"Han modificado datos de la cookie"}
{"level":"error"}
{"level":"error"}
{"level":"error"}
{"level":"error","message":"Han modificado datos de la cookie"}
{"level":"error","message":"El token no es válido"}
