{"level":"error","message":"No pudo ser envíado el correo"}
{"err":{"message":"jwt must be provided","name":"JsonWebTokenError"},"level":"warn","message":"Token invalido"}
{"err":{"message":"jwt must be provided","name":"JsonWebTokenError"},"level":"warn","message":"Token invalido"}
{"err":{"message":"jwt must be provided","name":"JsonWebTokenError"},"level":"warn","message":"Token invalido"}
{"err":{"message":"jwt must be provided","name":"JsonWebTokenError"},"level":"warn","message":"Token invalido"}
{"level":"error","message":"Ha ocurrido un error al ingresar los datos Error: data and hash arguments required"}
{"level":"error","message":"Ha ocurrido un error al ingresar los datos Error: data and hash arguments required"}
{"level":"error","message":"Ha ocurrido un error al ingresar los datos Error: data and hash arguments required"}
{"level":"error","message":"Ha ocurrido un error al ingresar los datos Error: data and hash arguments required"}
{"level":"error","message":"Ha ocurrido un error al ingresar los datos Error: data and hash arguments required"}
{"level":"error","message":"Ha ocurrido un error al ingresar los datos Error: data and hash arguments required"}
{"level":"error","message":"Ha ocurrido un error al ingresar los datos Error: data and hash arguments required"}
{"level":"error","message":"Ha ocurrido un error al ingresar los datos Error: data and hash arguments required"}
{"level":"error","message":"Ha ocurrido un error al ingresar los datos ReferenceError: user is not defined"}
{"level":"error","message":"Ha ocurrido un error al ingresar los datos ReferenceError: user is not defined"}
{"level":"error","message":"Ha ocurrido un error al ingresar los datos ReferenceError: user is not defined"}
{"level":"error","message":"Ha ocurrido un error al ingresar los datos ReferenceError: user is not defined"}
{"level":"error","message":"Ha ocurrido un error al ingresar los datos ReferenceError: user is not defined"}
{"level":"error","message":"Ha ocurrido un error al ingresar los datos ReferenceError: user is not defined"}
{"level":"error","message":"Ha ocurrido un error al ingresar los datos ReferenceError: user is not defined"}
{"level":"error","message":"Ha ocurrido un error al ingresar los datos ReferenceError: user is not defined"}
{"level":"error","message":"Ha ocurrido un error al ingresar los datos ReferenceError: user is not defined"}
{"level":"error","message":"Ha ocurrido un error al ingresar los datos ReferenceError: user is not defined"}
{"level":"error","message":"Ha ocurrido un error al ingresar los datos ReferenceError: user is not defined"}
{"level":"error","message":"Ha ocurrido un error al ingresar los datos ReferenceError: user is not defined"}
{"level":"warn","message":"El email no se corresponde con un usuario en la base de datos"}
{"level":"error","message":"No hay token"}
{"level":"error","message":"No hay token"}
{"level":"error","message":"No hay token"}
{"level":"error","message":"Token invalido"}
{"level":"error","message":"Token invalido"}
{"err":{"message":"jwt must be provided","name":"JsonWebTokenError"},"level":"warn","message":"Token invalido"}
