Statistical profiling result from prueba1.log, (16383 ticks, 0 unaccounted, 0 excluded).

 [Shared libraries]:
   ticks  total  nonlib   name
  15633   95.4%          C:\WINDOWS\SYSTEM32\ntdll.dll
    712    4.3%          C:\Program Files\nodejs\node.exe
      3    0.0%          C:\WINDOWS\System32\KERNEL32.DLL
      1    0.0%          C:\WINDOWS\System32\KERNELBASE.dll

 [JavaScript]:
   ticks  total  nonlib   name
      3    0.0%    8.8%  LazyCompile: *serializeInto C:\Users\Ari\Documents\repobackend\curso-ch-backend\desafioClase32\node_modules\bson\lib\parser\serializer.js:553:23
      3    0.0%    8.8%  LazyCompile: *deserializeObject C:\Users\Ari\Documents\repobackend\curso-ch-backend\desafioClase32\node_modules\bson\lib\parser\deserializer.js:65:27
      2    0.0%    5.9%  LazyCompile: *next C:\Users\Ari\Documents\repobackend\curso-ch-backend\desafioClase32\node_modules\express\lib\router\index.js:177:16
      2    0.0%    5.9%  Function: ^realpathSync node:fs:2425:22
      1    0.0%    2.9%  RegExp: ^[!#$%&'*+.^_`|~0-9A-Za-z-]+\/[!#$%&'*+.^_`|~0-9A-Za-z-]+$
      1    0.0%    2.9%  LazyCompile: *write node:buffer:1051:40
      1    0.0%    2.9%  LazyCompile: *resolve node:path:158:10
      1    0.0%    2.9%  LazyCompile: *processTicksAndRejections node:internal/process/task_queues:68:35
      1    0.0%    2.9%  LazyCompile: *now C:\Users\Ari\Documents\repobackend\curso-ch-backend\desafioClase32\node_modules\mongodb\lib\utils.js:625:13
      1    0.0%    2.9%  LazyCompile: *isPathSeparator node:path:52:25
      1    0.0%    2.9%  LazyCompile: *executeWithServerSelection C:\Users\Ari\Documents\repobackend\curso-ch-backend\desafioClase32\node_modules\mongodb\lib\operations\execute_operation.js:85:36
      1    0.0%    2.9%  LazyCompile: *command C:\Users\Ari\Documents\repobackend\curso-ch-backend\desafioClase32\node_modules\mongodb\lib\cmap\connection.js:251:12
      1    0.0%    2.9%  LazyCompile: *Writable.write node:internal/streams/writable:333:36
      1    0.0%    2.9%  LazyCompile: *Long.add C:\Users\Ari\Documents\repobackend\curso-ch-backend\desafioClase32\node_modules\bson\lib\long.js:252:35
      1    0.0%    2.9%  LazyCompile: *FastBuffer node:internal/buffer:958:14
      1    0.0%    2.9%  Function: ^writeend C:\Users\Ari\Documents\repobackend\curso-ch-backend\desafioClase32\node_modules\express-session\index.js:260:24
      1    0.0%    2.9%  Function: ^toBin C:\Users\Ari\Documents\repobackend\curso-ch-backend\desafioClase32\node_modules\mongodb\lib\cmap\commands.js:345:10
      1    0.0%    2.9%  Function: ^storeHeader node:_http_outgoing:517:21
      1    0.0%    2.9%  Function: ^set C:\Users\Ari\Documents\repobackend\curso-ch-backend\desafioClase32\node_modules\connect-mongo\build\main\lib\MongoStore.js:234:8
      1    0.0%    2.9%  Function: ^listOnTimeout node:internal/timers:507:25
      1    0.0%    2.9%  Function: ^isRegExp C:\Users\Ari\Documents\repobackend\curso-ch-backend\desafioClase32\node_modules\qs\lib\utils.js:214:33
      1    0.0%    2.9%  Function: ^generateETag C:\Users\Ari\Documents\repobackend\curso-ch-backend\desafioClase32\node_modules\express\lib\utils.js:273:32
      1    0.0%    2.9%  Function: ^executeOperation C:\Users\Ari\Documents\repobackend\curso-ch-backend\desafioClase32\node_modules\mongodb\lib\operations\execute_operation.js:11:26
      1    0.0%    2.9%  Function: ^addChunk C:\Users\Ari\Documents\repobackend\curso-ch-backend\desafioClase32\node_modules\readable-stream\lib\_stream_readable.js:295:18
      1    0.0%    2.9%  Function: ^acquire C:\Users\Ari\Documents\repobackend\curso-ch-backend\desafioClase32\node_modules\mongodb\lib\sessions.js:597:12
      1    0.0%    2.9%  Function: ^_copy node:buffer:201:15
      1    0.0%    2.9%  Function: ^<anonymous> C:\Users\Ari\Documents\repobackend\curso-ch-backend\desafioClase32\node_modules\mongodb\lib\operations\execute_operation.js:69:70
      1    0.0%    2.9%  Function: ^<anonymous> C:\Users\Ari\Documents\repobackend\curso-ch-backend\desafioClase32\node_modules\express-session\index.js:485:38

 [C++]:
   ticks  total  nonlib   name

 [Summary]:
   ticks  total  nonlib   name
     34    0.2%  100.0%  JavaScript
      0    0.0%    0.0%  C++
     27    0.2%   79.4%  GC
  16349   99.8%          Shared libraries

 [C++ entry points]:
   ticks    cpp   total   name

 [Bottom up (heavy) profile]:
  Note: percentage shows a share of a particular caller in the total
  amount of its parent calls.
  Callers occupying less than 1.0% are not shown.

   ticks parent  name
  15633   95.4%  C:\WINDOWS\SYSTEM32\ntdll.dll

    712    4.3%  C:\Program Files\nodejs\node.exe
    443   62.2%    C:\Program Files\nodejs\node.exe
     75   16.9%      Function: ^handleWriteReq node:internal/stream_base_commons:45:24
     75  100.0%        Function: ^writeGeneric node:internal/stream_base_commons:147:22
     75  100.0%          Function: ^Socket._writeGeneric node:net:791:42
     75  100.0%            Function: ^Socket._write node:net:828:35
     49   11.1%      Function: ^compileFunction node:vm:308:25
     49  100.0%        Function: ^wrapSafe node:internal/modules/cjs/loader:1017:18
     49  100.0%          Function: ^Module._compile node:internal/modules/cjs/loader:1059:37
     47   95.9%            Function: ^Module._extensions..js node:internal/modules/cjs/loader:1114:37
      2    4.1%            LazyCompile: ~Module._extensions..js node:internal/modules/cjs/loader:1114:37
     22    5.0%      Function: ^stat node:internal/modules/cjs/loader:151:14
     13   59.1%        Function: ^tryFile node:internal/modules/cjs/loader:384:17
     11   84.6%          Function: ^tryExtensions node:internal/modules/cjs/loader:400:23
     10   90.9%            Function: ^Module._findPath node:internal/modules/cjs/loader:494:28
      1    9.1%            Function: ^tryPackage node:internal/modules/cjs/loader:338:20
      2   15.4%          Function: ^tryPackage node:internal/modules/cjs/loader:338:20
      2  100.0%            Function: ^Module._findPath node:internal/modules/cjs/loader:494:28
      9   40.9%        Function: ^Module._findPath node:internal/modules/cjs/loader:494:28
      8   88.9%          Function: ^Module._resolveFilename node:internal/modules/cjs/loader:848:35
      8  100.0%            Function: ^Module._load node:internal/modules/cjs/loader:757:24
      1   11.1%          LazyCompile: ~Module._resolveFilename node:internal/modules/cjs/loader:848:35
      1  100.0%            Function: ^Module._load node:internal/modules/cjs/loader:757:24
     19    4.3%      Function: ^readSync node:fs:684:18
     19  100.0%        Function: ^tryReadSync node:fs:429:21
     19  100.0%          Function: ^readFileSync node:fs:450:22
     18   94.7%            Function: ^Module._extensions..js node:internal/modules/cjs/loader:1114:37
      1    5.3%            Function: ~<anonymous> C:\Users\Ari\Documents\repobackend\curso-ch-backend\desafioClase32\node_modules\saslprep\lib\memory-code-points.js:1:1
     17    3.8%      C:\Program Files\nodejs\node.exe
      4   23.5%        Function: ^fromString C:\Users\Ari\Documents\repobackend\curso-ch-backend\desafioClase32\node_modules\mongodb\lib\utils.js:370:22
      4  100.0%          Function: ^ns C:\Users\Ari\Documents\repobackend\curso-ch-backend\desafioClase32\node_modules\mongodb\lib\utils.js:348:12
      2   50.0%            Function: ^measureRoundTripTime C:\Users\Ari\Documents\repobackend\curso-ch-backend\desafioClase32\node_modules\mongodb\lib\sdam\monitor.js:287:30
      2   50.0%            Function: ^<anonymous> C:\Users\Ari\Documents\repobackend\curso-ch-backend\desafioClase32\node_modules\mongodb\lib\cursor\abstract_cursor.js:435:42
      2   11.8%        C:\Program Files\nodejs\node.exe
      1   50.0%          Function: ^isValid C:\Users\Ari\Documents\repobackend\curso-ch-backend\desafioClase32\node_modules\mongodb\lib\read_preference.js:133:19
      1  100.0%            Function: ^isValid C:\Users\Ari\Documents\repobackend\curso-ch-backend\desafioClase32\node_modules\mongodb\lib\read_preference.js:149:12
      1   50.0%          Function: ^hash C:\Users\Ari\Documents\repobackend\curso-ch-backend\desafioClase32\node_modules\express-session\index.js:596:14
      1  100.0%            Function: ^inflate C:\Users\Ari\Documents\repobackend\curso-ch-backend\desafioClase32\node_modules\express-session\index.js:371:22
      1    5.9%        LazyCompile: ~unfqdn node:tls:154:16
      1  100.0%          LazyCompile: ~splitHost node:tls:164:19
      1  100.0%            LazyCompile: ~checkServerIdentity node:tls:274:59
      1    5.9%        LazyCompile: ~looksLikeNumber C:\Users\Ari\Documents\repobackend\curso-ch-backend\desafioClase32\node_modules\yargs-parser\build\index.cjs:51:25
      1  100.0%          LazyCompile: ~maybeCoerceNumber C:\Users\Ari\Documents\repobackend\curso-ch-backend\desafioClase32\node_modules\yargs-parser\build\index.cjs:606:35
      1  100.0%            LazyCompile: ~processValue C:\Users\Ari\Documents\repobackend\curso-ch-backend\desafioClase32\node_modules\yargs-parser\build\index.cjs:584:30
      1    5.9%        LazyCompile: ~get canRetryWrite C:\Users\Ari\Documents\repobackend\curso-ch-backend\desafioClase32\node_modules\mongodb\lib\operations\update.js:16:22
      1  100.0%          LazyCompile: ~<anonymous> C:\Users\Ari\Documents\repobackend\curso-ch-backend\desafioClase32\node_modules\mongodb\lib\operations\execute_operation.js:154:61
      1  100.0%            LazyCompile: ~processWaitQueue C:\Users\Ari\Documents\repobackend\curso-ch-backend\desafioClase32\node_modules\mongodb\lib\sdam\topology.js:535:26
      1    5.9%        LazyCompile: ~MongoCredentials C:\Users\Ari\Documents\repobackend\curso-ch-backend\desafioClase32\node_modules\mongodb\lib\cmap\auth\mongo_credentials.js:31:16
      1  100.0%          Function: ^resolveAuthMechanism C:\Users\Ari\Documents\repobackend\curso-ch-backend\desafioClase32\node_modules\mongodb\lib\cmap\auth\mongo_credentials.js:76:25
      1  100.0%            Function: ^<anonymous> C:\Users\Ari\Documents\repobackend\curso-ch-backend\desafioClase32\node_modules\mongodb\lib\cmap\connect.js:88:85
      1    5.9%        Function: ~<anonymous> C:\Users\Ari\Documents\repobackend\curso-ch-backend\desafioClase32\node_modules\color\index.js:1:1
      1  100.0%          Function: ^Module._compile node:internal/modules/cjs/loader:1059:37
      1  100.0%            Function: ^Module._extensions..js node:internal/modules/cjs/loader:1114:37
      1    5.9%        Function: ^stat node:internal/modules/cjs/loader:151:14
      1  100.0%          Function: ^tryFile node:internal/modules/cjs/loader:384:17
      1  100.0%            Function: ^tryExtensions node:internal/modules/cjs/loader:400:23
      1    5.9%        Function: ^onMessage C:\Users\Ari\Documents\repobackend\curso-ch-backend\desafioClase32\node_modules\mongodb\lib\cmap\connection.js:156:14
      1  100.0%          Function: ^<anonymous> C:\Users\Ari\Documents\repobackend\curso-ch-backend\desafioClase32\node_modules\mongodb\lib\cmap\connection.js:60:44
      1  100.0%            Function: ^emit node:events:475:44
      1    5.9%        Function: ^hash C:\Users\Ari\Documents\repobackend\curso-ch-backend\desafioClase32\node_modules\express-session\index.js:596:14
      1  100.0%          Function: ^isSaved C:\Users\Ari\Documents\repobackend\curso-ch-backend\desafioClase32\node_modules\express-session\index.js:430:21
      1  100.0%            Function: ^shouldSave C:\Users\Ari\Documents\repobackend\curso-ch-backend\desafioClase32\node_modules\express-session\index.js:440:24
      1    5.9%        Function: ^getOwn node:internal/bootstrap/loaders:180:16
      1  100.0%          Function: ^syncExports node:internal/bootstrap/loaders:287:14
      1  100.0%            Function: ^<anonymous> node:internal/bootstrap/loaders:273:15
      1    5.9%        Function: ^format C:\Users\Ari\Documents\repobackend\curso-ch-backend\desafioClase32\node_modules\content-type\index.js:65:17
      1  100.0%          Function: ^setCharset C:\Users\Ari\Documents\repobackend\curso-ch-backend\desafioClase32\node_modules\express\lib\utils.js:248:41
      1  100.0%            Function: ^send C:\Users\Ari\Documents\repobackend\curso-ch-backend\desafioClase32\node_modules\express\lib\response.js:111:25
      1    5.9%        Function: ^Module._findPath node:internal/modules/cjs/loader:494:28
      1  100.0%          Function: ^Module._resolveFilename node:internal/modules/cjs/loader:848:35
      1  100.0%            Function: ^Module._load node:internal/modules/cjs/loader:757:24
     16    3.6%      LazyCompile: *writeOrBuffer node:internal/streams/writable:365:23
      9   56.3%        LazyCompile: *Writable.write node:internal/streams/writable:333:36
      9  100.0%          Function: ^ondata node:internal/streams/readable:752:18
      9  100.0%            LazyCompile: *readableAddChunk node:internal/streams/readable:236:26
      4   25.0%        LazyCompile: *_write node:internal/streams/writable:283:16
      4  100.0%          Function: ^Writable.write node:internal/streams/writable:333:36
      4  100.0%            Function: ^ondata node:internal/streams/readable:752:18
      3   18.8%        Function: ^_write node:internal/streams/writable:283:16
      3  100.0%          Function: ^Writable.write node:internal/streams/writable:333:36
      3  100.0%            Function: ^ondata node:internal/streams/readable:752:18
     16    3.6%      Function: ^realpathSync node:fs:2425:22
     16  100.0%        Function: ^toRealPath node:internal/modules/cjs/loader:393:20
     15   93.8%          Function: ^tryFile node:internal/modules/cjs/loader:384:17
     13   86.7%            Function: ^tryExtensions node:internal/modules/cjs/loader:400:23
      2   13.3%            Function: ^tryPackage node:internal/modules/cjs/loader:338:20
      1    6.3%          Function: ^Module._findPath node:internal/modules/cjs/loader:494:28
      1  100.0%            Function: ^Module._resolveFilename node:internal/modules/cjs/loader:848:35
     12    2.7%      Function: ^cpus node:os:133:14
     12  100.0%        Function: ^<anonymous> C:\Users\Ari\Documents\repobackend\curso-ch-backend\desafioClase32\src\routes\mainRoutes.js:30:21
     12  100.0%          Function: ^handle C:\Users\Ari\Documents\repobackend\curso-ch-backend\desafioClase32\node_modules\express\lib\router\layer.js:86:49
     12  100.0%            Function: ^next C:\Users\Ari\Documents\repobackend\curso-ch-backend\desafioClase32\node_modules\express\lib\router\route.js:116:16
     10    2.3%      Function: ^writevGeneric node:internal/stream_base_commons:122:23
     10  100.0%        Function: ^Socket._writeGeneric node:net:791:42
     10  100.0%          Function: ^Socket._writev node:net:823:36
     10  100.0%            Function: ^doWrite node:internal/streams/writable:398:17
      5    1.1%      Function: ^initialize C:\Users\Ari\Documents\repobackend\curso-ch-backend\desafioClase32\node_modules\passport\lib\middleware\initialize.js:51:29
      3   60.0%        Function: ^handle C:\Users\Ari\Documents\repobackend\curso-ch-backend\desafioClase32\node_modules\express\lib\router\layer.js:86:49
      3  100.0%          Function: ^trim_prefix C:\Users\Ari\Documents\repobackend\curso-ch-backend\desafioClase32\node_modules\express\lib\router\index.js:293:23
      2   66.7%            Function: ^<anonymous> C:\Users\Ari\Documents\repobackend\curso-ch-backend\desafioClase32\node_modules\express\lib\router\index.js:280:64
      1   33.3%            LazyCompile: *next C:\Users\Ari\Documents\repobackend\curso-ch-backend\desafioClase32\node_modules\express\lib\router\index.js:177:16
      2   40.0%        LazyCompile: *trim_prefix C:\Users\Ari\Documents\repobackend\curso-ch-backend\desafioClase32\node_modules\express\lib\router\index.js:293:23
      2  100.0%          LazyCompile: *next C:\Users\Ari\Documents\repobackend\curso-ch-backend\desafioClase32\node_modules\express\lib\router\index.js:177:16
      2  100.0%            Function: ^<anonymous> C:\Users\Ari\Documents\repobackend\curso-ch-backend\desafioClase32\node_modules\express-session\index.js:485:38
      5    1.1%      Function: ^getOptions node:internal/fs/utils:315:20
      5  100.0%        Function: ^readFileSync node:fs:450:22
      5  100.0%          Function: ^Module._extensions..js node:internal/modules/cjs/loader:1114:37
      5  100.0%            Function: ^Module.load node:internal/modules/cjs/loader:969:33
      5    1.1%      Function: ^compileForInternalLoader node:internal/bootstrap/loaders:299:27
      3   60.0%        Function: ^nativeModuleRequire node:internal/bootstrap/loaders:332:29
      1   33.3%          Function: ~<anonymous> node:internal/crypto/cipher:1:1
      1  100.0%            Function: ^compileForInternalLoader node:internal/bootstrap/loaders:299:27
      1   33.3%          Function: ~<anonymous> node:crypto:1:1
      1  100.0%            Function: ^compileForInternalLoader node:internal/bootstrap/loaders:299:27
      1   33.3%          Function: ~<anonymous> node:_http_common:1:1
      1  100.0%            Function: ^compileForInternalLoader node:internal/bootstrap/loaders:299:27
      2   40.0%        Function: ^compileForPublicLoader node:internal/bootstrap/loaders:246:25
      2  100.0%          Function: ^loadNativeModule node:internal/modules/cjs/helpers:44:26
      2  100.0%            Function: ^Module._load node:internal/modules/cjs/loader:757:24
      5    1.1%      Function: ^clone C:\Users\Ari\Documents\repobackend\curso-ch-backend\desafioClase32\node_modules\mongodb\lib\sessions.js:563:17
      5  100.0%        Function: ^completeEndSession C:\Users\Ari\Documents\repobackend\curso-ch-backend\desafioClase32\node_modules\mongodb\lib\sessions.js:138:40
      5  100.0%          Function: ^<anonymous> C:\Users\Ari\Documents\repobackend\curso-ch-backend\desafioClase32\node_modules\mongodb\lib\sessions.js:133:52
      5  100.0%            Function: ^maybePromise C:\Users\Ari\Documents\repobackend\curso-ch-backend\desafioClase32\node_modules\mongodb\lib\utils.js:399:22

