Statistical profiling result from prueba2.log, (32716 ticks, 1 unaccounted, 0 excluded).

 [Shared libraries]:
   ticks  total  nonlib   name
  31697   96.9%          C:\WINDOWS\SYSTEM32\ntdll.dll
    951    2.9%          C:\Program Files\nodejs\node.exe
      3    0.0%          C:\WINDOWS\System32\KERNEL32.DLL
      1    0.0%          C:\WINDOWS\System32\KERNELBASE.dll

 [JavaScript]:
   ticks  total  nonlib   name
      4    0.0%    6.3%  LazyCompile: *resolve node:path:158:10
      3    0.0%    4.7%  LazyCompile: *serializeInto C:\Users\Ari\Documents\repobackend\curso-ch-backend\desafioClase32\node_modules\bson\lib\parser\serializer.js:553:23
      2    0.0%    3.1%  LazyCompile: *getEncodingOps node:buffer:679:24
      2    0.0%    3.1%  LazyCompile: *emit node:events:475:44
      2    0.0%    3.1%  LazyCompile: *Long.add C:\Users\Ari\Documents\repobackend\curso-ch-backend\desafioClase32\node_modules\bson\lib\long.js:252:35
      2    0.0%    3.1%  Function: ^get node:internal/bootstrap/pre_execution:382:8
      1    0.0%    1.6%  RegExp: ^text\/|^application\/(javascript|json)
      1    0.0%    1.6%  RegExp: [^\t\x20-\x7e\x80-\xff]
      1    0.0%    1.6%  LazyCompile: *writeOrBuffer node:internal/streams/writable:365:23
      1    0.0%    1.6%  LazyCompile: *serializeObject C:\Users\Ari\Documents\repobackend\curso-ch-backend\desafioClase32\node_modules\bson\lib\parser\serializer.js:260:25
      1    0.0%    1.6%  LazyCompile: *serializeBinary C:\Users\Ari\Documents\repobackend\curso-ch-backend\desafioClase32\node_modules\bson\lib\parser\serializer.js:462:25
      1    0.0%    1.6%  LazyCompile: *readInt32LE node:internal/buffer:385:21
      1    0.0%    1.6%  LazyCompile: *processTicksAndRejections node:internal/process/task_queues:68:35
      1    0.0%    1.6%  LazyCompile: *next C:\Users\Ari\Documents\repobackend\curso-ch-backend\desafioClase32\node_modules\express\lib\router\index.js:177:16
      1    0.0%    1.6%  LazyCompile: *formatValue node:internal/util/inspect:745:21
      1    0.0%    1.6%  LazyCompile: *executeWithServerSelection C:\Users\Ari\Documents\repobackend\curso-ch-backend\desafioClase32\node_modules\mongodb\lib\operations\execute_operation.js:85:36
      1    0.0%    1.6%  LazyCompile: *command C:\Users\Ari\Documents\repobackend\curso-ch-backend\desafioClase32\node_modules\mongodb\lib\cmap\connection.js:251:12
      1    0.0%    1.6%  LazyCompile: *adjustOffset node:buffer:1099:22
      1    0.0%    1.6%  LazyCompile: *_storeHeader node:_http_outgoing:374:22
      1    0.0%    1.6%  LazyCompile: *Long C:\Users\Ari\Documents\repobackend\curso-ch-backend\desafioClase32\node_modules\bson\lib\long.js:59:18
      1    0.0%    1.6%  LazyCompile: *ClientSession C:\Users\Ari\Documents\repobackend\curso-ch-backend\desafioClase32\node_modules\mongodb\lib\sessions.js:45:16
      1    0.0%    1.6%  Function: ^write C:\Users\Ari\Documents\repobackend\curso-ch-backend\desafioClase32\node_modules\mongodb\lib\cmap\connection.js:384:15
      1    0.0%    1.6%  Function: ^validateString node:internal/validators:118:24
      1    0.0%    1.6%  Function: ^updateOutgoingData node:_http_server:559:28
      1    0.0%    1.6%  Function: ^subarray node:buffer:1116:46
      1    0.0%    1.6%  Function: ^setStreamTimeout node:internal/stream_base_commons:237:26
      1    0.0%    1.6%  Function: ^serializeNumber C:\Users\Ari\Documents\repobackend\curso-ch-backend\desafioClase32\node_modules\bson\lib\parser\serializer.js:44:25
      1    0.0%    1.6%  Function: ^pushAsyncContext node:internal/async_hooks:540:26
      1    0.0%    1.6%  Function: ^processWaitQueue C:\Users\Ari\Documents\repobackend\curso-ch-backend\desafioClase32\node_modules\mongodb\lib\sdam\topology.js:535:26
      1    0.0%    1.6%  Function: ^peek node:internal/priority_queue:45:7
      1    0.0%    1.6%  Function: ^parserOnHeadersComplete node:_http_common:77:33
      1    0.0%    1.6%  Function: ^measureRoundTripTime C:\Users\Ari\Documents\repobackend\curso-ch-backend\desafioClase32\node_modules\mongodb\lib\sdam\monitor.js:287:30
      1    0.0%    1.6%  Function: ^listenerCount node:events:854:23
      1    0.0%    1.6%  Function: ^listOnTimeout node:internal/timers:507:25
      1    0.0%    1.6%  Function: ^hash C:\Users\Ari\Documents\repobackend\curso-ch-backend\desafioClase32\node_modules\express-session\index.js:596:14
      1    0.0%    1.6%  Function: ^handle C:\Users\Ari\Documents\repobackend\curso-ch-backend\desafioClase32\node_modules\express\lib\router\layer.js:86:49
      1    0.0%    1.6%  Function: ^fromString C:\Users\Ari\Documents\repobackend\curso-ch-backend\desafioClase32\node_modules\mongodb\lib\utils.js:370:22
      1    0.0%    1.6%  Function: ^createUnsafeBuffer node:internal/buffer:1059:28
      1    0.0%    1.6%  Function: ^connectionIsStale C:\Users\Ari\Documents\repobackend\curso-ch-backend\desafioClase32\node_modules\mongodb\lib\cmap\connection_pool.js:313:22
      1    0.0%    1.6%  Function: ^compareTopologyVersion C:\Users\Ari\Documents\repobackend\curso-ch-backend\desafioClase32\node_modules\mongodb\lib\sdam\server_description.js:184:32
      1    0.0%    1.6%  Function: ^afterWrite C:\Users\Ari\Documents\repobackend\curso-ch-backend\desafioClase32\node_modules\readable-stream\lib\_stream_writable.js:466:20
      1    0.0%    1.6%  Function: ^_addHeaderLines node:_http_incoming:199:25
      1    0.0%    1.6%  Function: ^Timeout node:internal/timers:167:17
      1    0.0%    1.6%  Function: ^SendStream C:\Users\Ari\Documents\repobackend\curso-ch-backend\desafioClase32\node_modules\send\index.js:96:21
      1    0.0%    1.6%  Function: ^Msg C:\Users\Ari\Documents\repobackend\curso-ch-backend\desafioClase32\node_modules\mongodb\lib\cmap\commands.js:317:16
      1    0.0%    1.6%  Function: ^Module._compile node:internal/modules/cjs/loader:1059:37
      1    0.0%    1.6%  Function: ^Long C:\Users\Ari\Documents\repobackend\curso-ch-backend\desafioClase32\node_modules\bson\lib\long.js:59:18
      1    0.0%    1.6%  Function: ^ConnectionCheckedInEvent C:\Users\Ari\Documents\repobackend\curso-ch-backend\desafioClase32\node_modules\mongodb\lib\cmap\connection_pool_events.js:128:16
      1    0.0%    1.6%  Function: ^CommandOperation C:\Users\Ari\Documents\repobackend\curso-ch-backend\desafioClase32\node_modules\mongodb\lib\operations\command.js:14:16
      1    0.0%    1.6%  Function: ^AbstractCursor C:\Users\Ari\Documents\repobackend\curso-ch-backend\desafioClase32\node_modules\mongodb\lib\cursor\abstract_cursor.js:51:16
      1    0.0%    1.6%  Function: ^<anonymous> node:internal/crypto/util:114:46
      1    0.0%    1.6%  Function: ^<anonymous> node:buffer:349:36
      1    0.0%    1.6%  Function: ^<anonymous> C:\Users\Ari\Documents\repobackend\curso-ch-backend\desafioClase32\src\routes\mainRoutes.js:46:24
      1    0.0%    1.6%  Function: ^<anonymous> C:\Users\Ari\Documents\repobackend\curso-ch-backend\desafioClase32\node_modules\mongodb\lib\sdam\monitor.js:303:58

 [C++]:
   ticks  total  nonlib   name

 [Summary]:
   ticks  total  nonlib   name
     63    0.2%   98.4%  JavaScript
      0    0.0%    0.0%  C++
     29    0.1%   45.3%  GC
  32652   99.8%          Shared libraries
      1    0.0%          Unaccounted

 [C++ entry points]:
   ticks    cpp   total   name

 [Bottom up (heavy) profile]:
  Note: percentage shows a share of a particular caller in the total
  amount of its parent calls.
  Callers occupying less than 1.0% are not shown.

   ticks parent  name
  31697   96.9%  C:\WINDOWS\SYSTEM32\ntdll.dll

    951    2.9%  C:\Program Files\nodejs\node.exe
    525   55.2%    C:\Program Files\nodejs\node.exe
    108   20.6%      Function: ^handleWriteReq node:internal/stream_base_commons:45:24
    108  100.0%        Function: ^writeGeneric node:internal/stream_base_commons:147:22
    108  100.0%          Function: ^Socket._writeGeneric node:net:791:42
    108  100.0%            Function: ^Socket._write node:net:828:35
     49    9.3%      Function: ^compileFunction node:vm:308:25
     49  100.0%        Function: ^wrapSafe node:internal/modules/cjs/loader:1017:18
     48   98.0%          Function: ^Module._compile node:internal/modules/cjs/loader:1059:37
     48  100.0%            Function: ^Module._extensions..js node:internal/modules/cjs/loader:1114:37
      1    2.0%          LazyCompile: ~Module._compile node:internal/modules/cjs/loader:1059:37
      1  100.0%            LazyCompile: ~Module._extensions..js node:internal/modules/cjs/loader:1114:37
     24    4.6%      C:\Program Files\nodejs\node.exe
      3   12.5%        Function: ^hash C:\Users\Ari\Documents\repobackend\curso-ch-backend\desafioClase32\node_modules\express-session\index.js:596:14
      2   66.7%          Function: ^inflate C:\Users\Ari\Documents\repobackend\curso-ch-backend\desafioClase32\node_modules\express-session\index.js:371:22
      2  100.0%            Function: ^<anonymous> C:\Users\Ari\Documents\repobackend\curso-ch-backend\desafioClase32\node_modules\express-session\index.js:485:38
      1   33.3%          Function: ^save C:\Users\Ari\Documents\repobackend\curso-ch-backend\desafioClase32\node_modules\express-session\index.js:403:20
      1  100.0%            Function: ^end C:\Users\Ari\Documents\repobackend\curso-ch-backend\desafioClase32\node_modules\express-session\index.js:250:27
      3   12.5%        Function: ^databaseNamespace C:\Users\Ari\Documents\repobackend\curso-ch-backend\desafioClase32\node_modules\mongodb\lib\utils.js:431:27
      3  100.0%          Function: ^Msg C:\Users\Ari\Documents\repobackend\curso-ch-backend\desafioClase32\node_modules\mongodb\lib\cmap\commands.js:317:16
      2   66.7%            LazyCompile: *command C:\Users\Ari\Documents\repobackend\curso-ch-backend\desafioClase32\node_modules\mongodb\lib\cmap\connection.js:251:12
      1   33.3%            Function: ^command C:\Users\Ari\Documents\repobackend\curso-ch-backend\desafioClase32\node_modules\mongodb\lib\cmap\connection.js:251:12
      2    8.3%        C:\Program Files\nodejs\node.exe
      2  100.0%          Function: ^hash C:\Users\Ari\Documents\repobackend\curso-ch-backend\desafioClase32\node_modules\express-session\index.js:596:14
      1   50.0%            Function: ^isSaved C:\Users\Ari\Documents\repobackend\curso-ch-backend\desafioClase32\node_modules\express-session\index.js:430:21
      1   50.0%            Function: ^inflate C:\Users\Ari\Documents\repobackend\curso-ch-backend\desafioClase32\node_modules\express-session\index.js:371:22
      1    4.2%        LazyCompile: ~setup C:\Users\Ari\Documents\repobackend\curso-ch-backend\desafioClase32\node_modules\mquery\node_modules\debug\src\common.js:7:15
      1  100.0%          Function: ~<anonymous> C:\Users\Ari\Documents\repobackend\curso-ch-backend\desafioClase32\node_modules\mquery\node_modules\debug\src\node.js:1:1
      1  100.0%            Function: ^Module._compile node:internal/modules/cjs/loader:1059:37
      1    4.2%        LazyCompile: ~formatProperty node:internal/util/inspect:1810:24
      1  100.0%          LazyCompile: ~formatRaw node:internal/util/inspect:820:19
      1  100.0%            LazyCompile: ~formatValue node:internal/util/inspect:745:21
      1    4.2%        LazyCompile: ~<anonymous> C:\Users\Ari\Documents\repobackend\curso-ch-backend\desafioClase32\node_modules\@mapbox\node-pre-gyp\node_modules\nopt\lib\nopt.js:58:38
      1  100.0%          C:\Program Files\nodejs\node.exe
      1  100.0%            LazyCompile: ~clean C:\Users\Ari\Documents\repobackend\curso-ch-backend\desafioClase32\node_modules\@mapbox\node-pre-gyp\node_modules\nopt\lib\nopt.js:53:16
      1    4.2%        LazyCompile: *onMessage C:\Users\Ari\Documents\repobackend\curso-ch-backend\desafioClase32\node_modules\mongodb\lib\cmap\connection.js:156:14
      1  100.0%          Function: ^<anonymous> C:\Users\Ari\Documents\repobackend\curso-ch-backend\desafioClase32\node_modules\mongodb\lib\cmap\connection.js:60:44
      1  100.0%            LazyCompile: *processIncomingData C:\Users\Ari\Documents\repobackend\curso-ch-backend\desafioClase32\node_modules\mongodb\lib\cmap\message_stream.js:84:29
      1    4.2%        Function: ^strEscape C:\Users\Ari\Documents\repobackend\curso-ch-backend\desafioClase32\node_modules\safe-stable-stringify\index.js:55:20
      1  100.0%          Function: ^stringifyFnReplacer C:\Users\Ari\Documents\repobackend\curso-ch-backend\desafioClase32\node_modules\safe-stable-stringify\index.js:203:32
      1  100.0%            Function: ^stringifyFnReplacer C:\Users\Ari\Documents\repobackend\curso-ch-backend\desafioClase32\node_modules\safe-stable-stringify\index.js:203:32
      1    4.2%        Function: ^stat node:internal/modules/cjs/loader:151:14
      1  100.0%          Function: ^Module._findPath node:internal/modules/cjs/loader:494:28
      1  100.0%            Function: ^Module._resolveFilename node:internal/modules/cjs/loader:848:35
      1    4.2%        Function: ^readPackage node:internal/modules/cjs/loader:290:21
      1  100.0%          Function: ^readPackageScope node:internal/modules/cjs/loader:321:26
      1  100.0%            Function: ^trySelf node:internal/modules/cjs/loader:441:17
      1    4.2%        Function: ^parse C:\Users\Ari\Documents\repobackend\curso-ch-backend\desafioClase32\node_modules\content-type\index.js:106:16
      1  100.0%          Function: ^setCharset C:\Users\Ari\Documents\repobackend\curso-ch-backend\desafioClase32\node_modules\express\lib\utils.js:248:41
      1  100.0%            Function: ^send C:\Users\Ari\Documents\repobackend\curso-ch-backend\desafioClase32\node_modules\express\lib\response.js:111:25
      1    4.2%        Function: ^onMessage C:\Users\Ari\Documents\repobackend\curso-ch-backend\desafioClase32\node_modules\mongodb\lib\cmap\connection.js:156:14
      1  100.0%          Function: ^<anonymous> C:\Users\Ari\Documents\repobackend\curso-ch-backend\desafioClase32\node_modules\mongodb\lib\cmap\connection.js:60:44
      1  100.0%            LazyCompile: *emit node:events:475:44
      1    4.2%        Function: ^expressInit C:\Users\Ari\Documents\repobackend\curso-ch-backend\desafioClase32\node_modules\express\lib\middleware\init.js:29:30
      1  100.0%          LazyCompile: *trim_prefix C:\Users\Ari\Documents\repobackend\curso-ch-backend\desafioClase32\node_modules\express\lib\router\index.js:293:23
      1  100.0%            LazyCompile: *next C:\Users\Ari\Documents\repobackend\curso-ch-backend\desafioClase32\node_modules\express\lib\router\index.js:177:16
      1    4.2%        Function: ^compressible C:\Users\Ari\Documents\repobackend\curso-ch-backend\desafioClase32\node_modules\compressible\index.js:41:23
      1  100.0%          Function: ^shouldCompress C:\Users\Ari\Documents\repobackend\curso-ch-backend\desafioClase32\node_modules\compression\index.js:254:25
      1  100.0%            Function: ^onResponseHeaders C:\Users\Ari\Documents\repobackend\curso-ch-backend\desafioClase32\node_modules\compression\index.js:140:47
      1    4.2%        Function: ^command C:\Users\Ari\Documents\repobackend\curso-ch-backend\desafioClase32\node_modules\mongodb\lib\cmap\connection.js:251:12
      1  100.0%          Function: ^<anonymous> C:\Users\Ari\Documents\repobackend\curso-ch-backend\desafioClase32\node_modules\mongodb\lib\cmap\connect.js:78:43
      1  100.0%            Function: ^<anonymous> C:\Users\Ari\Documents\repobackend\curso-ch-backend\desafioClase32\node_modules\mongodb\lib\cmap\auth\scram.js:25:32
      1    4.2%        Function: ^checkInvalidHeaderChar node:_http_common:232:32
      1  100.0%          Function: ^<anonymous> node:_http_outgoing:564:45
      1  100.0%            Function: ^setHeader node:_http_outgoing:574:57
      1    4.2%        Function: ^WriteConcern C:\Users\Ari\Documents\repobackend\curso-ch-backend\desafioClase32\node_modules\mongodb\lib\write_concern.js:20:16
      1  100.0%          Function: ^fromOptions C:\Users\Ari\Documents\repobackend\curso-ch-backend\desafioClase32\node_modules\mongodb\lib\write_concern.js:40:23
      1  100.0%            Function: ^CommandOperation C:\Users\Ari\Documents\repobackend\curso-ch-backend\desafioClase32\node_modules\mongodb\lib\operations\command.js:14:16
      1    4.2%        Function: ^Module._findPath node:internal/modules/cjs/loader:494:28
      1  100.0%          Function: ^Module._resolveFilename node:internal/modules/cjs/loader:848:35
      1  100.0%            Function: ^Module._load node:internal/modules/cjs/loader:757:24
      1    4.2%        Function: ^FastBuffer node:internal/buffer:958:14
      1  100.0%          Function: ^alloc node:buffer:360:30
      1  100.0%            Function: ^makeDocumentSegment C:\Users\Ari\Documents\repobackend\curso-ch-backend\desafioClase32\node_modules\mongodb\lib\cmap\commands.js:371:24
     20    3.8%      LazyCompile: *writeOrBuffer node:internal/streams/writable:365:23
     20  100.0%        LazyCompile: *_write node:internal/streams/writable:283:16
     20  100.0%          Function: ^Writable.write node:internal/streams/writable:333:36
     19   95.0%            Function: ^ondata node:internal/streams/readable:752:18
      1    5.0%            Function: ^value node:internal/console/constructor:258:20
     19    3.6%      Function: ^readSync node:fs:684:18
     19  100.0%        Function: ^tryReadSync node:fs:429:21
     19  100.0%          Function: ^readFileSync node:fs:450:22
     18   94.7%            Function: ^Module._extensions..js node:internal/modules/cjs/loader:1114:37
      1    5.3%            LazyCompile: ~Module._extensions..js node:internal/modules/cjs/loader:1114:37
     15    2.9%      Function: ^stat node:internal/modules/cjs/loader:151:14
      7   46.7%        Function: ^tryFile node:internal/modules/cjs/loader:384:17
      7  100.0%          Function: ^tryExtensions node:internal/modules/cjs/loader:400:23
      6   85.7%            Function: ^Module._findPath node:internal/modules/cjs/loader:494:28
      1   14.3%            LazyCompile: ~tryPackage node:internal/modules/cjs/loader:338:20
      7   46.7%        Function: ^Module._findPath node:internal/modules/cjs/loader:494:28
      7  100.0%          Function: ^Module._resolveFilename node:internal/modules/cjs/loader:848:35
      7  100.0%            Function: ^Module._load node:internal/modules/cjs/loader:757:24
      1    6.7%        LazyCompile: ~tryFile node:internal/modules/cjs/loader:384:17
      1  100.0%          Function: ^tryExtensions node:internal/modules/cjs/loader:400:23
      1  100.0%            LazyCompile: ~Module._findPath node:internal/modules/cjs/loader:494:28
     13    2.5%      Function: ^writevGeneric node:internal/stream_base_commons:122:23
     13  100.0%        Function: ^Socket._writeGeneric node:net:791:42
     13  100.0%          Function: ^Socket._writev node:net:823:36
     13  100.0%            Function: ^doWrite node:internal/streams/writable:398:17
     13    2.5%      Function: ^realpathSync node:fs:2425:22
     13  100.0%        Function: ^toRealPath node:internal/modules/cjs/loader:393:20
     13  100.0%          Function: ^tryFile node:internal/modules/cjs/loader:384:17
      9   69.2%            Function: ^tryExtensions node:internal/modules/cjs/loader:400:23
      4   30.8%            Function: ^tryPackage node:internal/modules/cjs/loader:338:20
     12    2.3%      Function: ^initialize C:\Users\Ari\Documents\repobackend\curso-ch-backend\desafioClase32\node_modules\passport\lib\middleware\initialize.js:51:29
     10   83.3%        LazyCompile: *trim_prefix C:\Users\Ari\Documents\repobackend\curso-ch-backend\desafioClase32\node_modules\express\lib\router\index.js:293:23
     10  100.0%          LazyCompile: *next C:\Users\Ari\Documents\repobackend\curso-ch-backend\desafioClase32\node_modules\express\lib\router\index.js:177:16
     10  100.0%            Function: ^<anonymous> C:\Users\Ari\Documents\repobackend\curso-ch-backend\desafioClase32\node_modules\express-session\index.js:485:38
      2   16.7%        Function: ^handle C:\Users\Ari\Documents\repobackend\curso-ch-backend\desafioClase32\node_modules\express\lib\router\layer.js:86:49
      2  100.0%          Function: ^trim_prefix C:\Users\Ari\Documents\repobackend\curso-ch-backend\desafioClase32\node_modules\express\lib\router\index.js:293:23
      2  100.0%            LazyCompile: *next C:\Users\Ari\Documents\repobackend\curso-ch-backend\desafioClase32\node_modules\express\lib\router\index.js:177:16
     12    2.3%      Function: ^cpus node:os:133:14
     12  100.0%        Function: ^<anonymous> C:\Users\Ari\Documents\repobackend\curso-ch-backend\desafioClase32\src\routes\mainRoutes.js:46:24
     12  100.0%          Function: ^handle C:\Users\Ari\Documents\repobackend\curso-ch-backend\desafioClase32\node_modules\express\lib\router\layer.js:86:49
     12  100.0%            Function: ^next C:\Users\Ari\Documents\repobackend\curso-ch-backend\desafioClase32\node_modules\express\lib\router\route.js:116:16
      8    1.5%      LazyCompile: *nextTick node:internal/process/task_queues:104:18
      3   37.5%        Function: ^onwrite node:internal/streams/writable:425:17
      2   66.7%          Function: ^afterWriteDispatched node:internal/stream_base_commons:155:30
      1   50.0%            Function: ^writevGeneric node:internal/stream_base_commons:122:23
      1   50.0%            Function: ^writeGeneric node:internal/stream_base_commons:147:22
      1   33.3%          LazyCompile: *processIncomingData C:\Users\Ari\Documents\repobackend\curso-ch-backend\desafioClase32\node_modules\mongodb\lib\cmap\message_stream.js:84:29
      1  100.0%            Function: ^_write C:\Users\Ari\Documents\repobackend\curso-ch-backend\desafioClase32\node_modules\mongodb\lib\cmap\message_stream.js:31:11
      1   12.5%        LazyCompile: *Readable.read node:internal/streams/readable:394:35
      1  100.0%          Function: ^resume_ node:internal/streams/readable:984:17
      1  100.0%            LazyCompile: *processTicksAndRejections node:internal/process/task_queues:68:35
      1   12.5%        Function: ^resume node:internal/streams/readable:977:16
      1  100.0%          Function: ^Readable.resume node:internal/streams/readable:963:37
      1  100.0%            Function: ^_dump node:_http_incoming:364:49
      1   12.5%        Function: ^maybeReadMore node:internal/streams/readable:602:23
      1  100.0%          Function: ^addChunk node:internal/streams/readable:304:18
      1  100.0%            Function: ^readableAddChunk node:internal/streams/readable:236:26
      1   12.5%        Function: ^emitReadable node:internal/streams/readable:563:22
      1  100.0%          Function: ^onEofChunk node:internal/streams/readable:533:20
      1  100.0%            Function: ^readableAddChunk node:internal/streams/readable:236:26
      1   12.5%        Function: ^checkIn C:\Users\Ari\Documents\repobackend\curso-ch-backend\desafioClase32\node_modules\mongodb\lib\cmap\connection_pool.js:175:12
      1  100.0%          Function: ^<anonymous> C:\Users\Ari\Documents\repobackend\curso-ch-backend\desafioClase32\node_modules\mongodb\lib\cmap\connection_pool.js:293:27
      1  100.0%            Function: ^<anonymous> C:\Users\Ari\Documents\repobackend\curso-ch-backend\desafioClase32\node_modules\mongodb\lib\sdam\server.js:210:101
      8    1.5%      LazyCompile: *deserializeObject C:\Users\Ari\Documents\repobackend\curso-ch-backend\desafioClase32\node_modules\bson\lib\parser\deserializer.js:65:27
      5   62.5%        LazyCompile: *deserializeObject C:\Users\Ari\Documents\repobackend\curso-ch-backend\desafioClase32\node_modules\bson\lib\parser\deserializer.js:65:27
      2   40.0%          LazyCompile: *deserializeObject C:\Users\Ari\Documents\repobackend\curso-ch-backend\desafioClase32\node_modules\bson\lib\parser\deserializer.js:65:27
      2  100.0%            LazyCompile: *parse C:\Users\Ari\Documents\repobackend\curso-ch-backend\desafioClase32\node_modules\mongodb\lib\cmap\commands.js:426:10
      2   40.0%          Function: ^deserialize C:\Users\Ari\Documents\repobackend\curso-ch-backend\desafioClase32\node_modules\bson\lib\parser\deserializer.js:36:21
      2  100.0%            Function: ^deserialize C:\Users\Ari\Documents\repobackend\curso-ch-backend\desafioClase32\node_modules\bson\lib\bson.js:175:21
      1   20.0%          LazyCompile: *parse C:\Users\Ari\Documents\repobackend\curso-ch-backend\desafioClase32\node_modules\mongodb\lib\cmap\commands.js:426:10
      1  100.0%            LazyCompile: *onMessage C:\Users\Ari\Documents\repobackend\curso-ch-backend\desafioClase32\node_modules\mongodb\lib\cmap\connection.js:156:14
      2   25.0%        Function: ^deserialize C:\Users\Ari\Documents\repobackend\curso-ch-backend\desafioClase32\node_modules\bson\lib\parser\deserializer.js:36:21
      2  100.0%          Function: ^deserialize C:\Users\Ari\Documents\repobackend\curso-ch-backend\desafioClase32\node_modules\bson\lib\bson.js:175:21
      2  100.0%            Function: ^parse C:\Users\Ari\Documents\repobackend\curso-ch-backend\desafioClase32\node_modules\mongodb\lib\cmap\commands.js:426:10
      1   12.5%        LazyCompile: *parse C:\Users\Ari\Documents\repobackend\curso-ch-backend\desafioClase32\node_modules\mongodb\lib\cmap\commands.js:426:10
      1  100.0%          LazyCompile: *onMessage C:\Users\Ari\Documents\repobackend\curso-ch-backend\desafioClase32\node_modules\mongodb\lib\cmap\connection.js:156:14
      1  100.0%            Function: ^<anonymous> C:\Users\Ari\Documents\repobackend\curso-ch-backend\desafioClase32\node_modules\mongodb\lib\cmap\connection.js:60:44
      8    1.5%      Function: ^Hmac node:internal/crypto/hash:127:14
      8  100.0%        Function: ^createHmac node:crypto:161:20
      8  100.0%          Function: ^exports.sign C:\Users\Ari\Documents\repobackend\curso-ch-backend\desafioClase32\node_modules\cookie-signature\index.js:16:24
      5   62.5%            Function: ^exports.unsign C:\Users\Ari\Documents\repobackend\curso-ch-backend\desafioClase32\node_modules\cookie-signature\index.js:36:26
      3   37.5%            Function: ^setcookie C:\Users\Ari\Documents\repobackend\curso-ch-backend\desafioClase32\node_modules\express-session\index.js:655:19
      6    1.1%      Function: ^read node:internal/modules/package_json_reader:16:14
      6  100.0%        Function: ^readPackage node:internal/modules/cjs/loader:290:21
      6  100.0%          Function: ^resolveExports node:internal/modules/cjs/loader:472:24
      6  100.0%            Function: ^Module._findPath node:internal/modules/cjs/loader:494:28
      6    1.1%      Function: ^measureRoundTripTime C:\Users\Ari\Documents\repobackend\curso-ch-backend\desafioClase32\node_modules\mongodb\lib\sdam\monitor.js:287:30
      6  100.0%        Function: ^<anonymous> C:\Users\Ari\Documents\repobackend\curso-ch-backend\desafioClase32\node_modules\mongodb\lib\sdam\monitor.js:303:58
      6  100.0%          Function: ^listOnTimeout node:internal/timers:507:25
      6  100.0%            Function: ^processTimers node:internal/timers:487:25
      6    1.1%      Function: ^compression C:\Users\Ari\Documents\repobackend\curso-ch-backend\desafioClase32\node_modules\compression\index.js:59:31
      3   50.0%        LazyCompile: *trim_prefix C:\Users\Ari\Documents\repobackend\curso-ch-backend\desafioClase32\node_modules\express\lib\router\index.js:293:23
      3  100.0%          LazyCompile: *next C:\Users\Ari\Documents\repobackend\curso-ch-backend\desafioClase32\node_modules\express\lib\router\index.js:177:16
      3  100.0%            Function: ^expressInit C:\Users\Ari\Documents\repobackend\curso-ch-backend\desafioClase32\node_modules\express\lib\middleware\init.js:29:30
      3   50.0%        Function: ^handle C:\Users\Ari\Documents\repobackend\curso-ch-backend\desafioClase32\node_modules\express\lib\router\layer.js:86:49
      3  100.0%          Function: ^trim_prefix C:\Users\Ari\Documents\repobackend\curso-ch-backend\desafioClase32\node_modules\express\lib\router\index.js:293:23
      3  100.0%            LazyCompile: *next C:\Users\Ari\Documents\repobackend\curso-ch-backend\desafioClase32\node_modules\express\lib\router\index.js:177:16

